<?xml version="1.0" encoding="UTF-8"?>
<testng-results ignored="0" total="3" passed="3" failed="0" skipped="0">
  <reporter-output>
  </reporter-output>
  <suite started-at="2022-10-10T18:23:09 IST" name="Local" finished-at="2022-10-10T18:23:28 IST" duration-ms="19092">
    <groups>
    </groups>
    <test started-at="2022-10-10T18:23:09 IST" name="LocalTest-1" finished-at="2022-10-10T18:23:20 IST" duration-ms="10759">
      <class name="com.browserstack.LocalTest">
        <test-method is-config="true" signature="setUp()[pri:0, instance:com.browserstack.LocalTest@340da44c]" started-at="2022-10-10T18:23:09 IST" name="setUp" finished-at="2022-10-10T18:23:16 IST" duration-ms="7075" status="PASS">
          <reporter-output>
          </reporter-output>
        </test-method> <!-- setUp -->
        <test-method signature="test()[pri:0, instance:com.browserstack.LocalTest@340da44c]" started-at="2022-10-10T18:23:16 IST" name="test" finished-at="2022-10-10T18:23:17 IST" duration-ms="1132" status="PASS">
          <reporter-output>
          </reporter-output>
        </test-method> <!-- test -->
        <test-method is-config="true" signature="tearDown()[pri:0, instance:com.browserstack.LocalTest@340da44c]" started-at="2022-10-10T18:23:17 IST" name="tearDown" finished-at="2022-10-10T18:23:20 IST" duration-ms="2343" status="PASS">
          <reporter-output>
          </reporter-output>
        </test-method> <!-- tearDown -->
      </class> <!-- com.browserstack.LocalTest -->
    </test> <!-- LocalTest-1 -->
    <test started-at="2022-10-10T18:23:09 IST" name="LocalTest-2" finished-at="2022-10-10T18:23:26 IST" duration-ms="16896">
      <class name="com.browserstack.LocalTest">
        <test-method is-config="true" signature="setUp()[pri:0, instance:com.browserstack.LocalTest@7a560583]" started-at="2022-10-10T18:23:09 IST" name="setUp" finished-at="2022-10-10T18:23:21 IST" duration-ms="11962" status="PASS">
          <reporter-output>
          </reporter-output>
        </test-method> <!-- setUp -->
        <test-method signature="test()[pri:0, instance:com.browserstack.LocalTest@7a560583]" started-at="2022-10-10T18:23:21 IST" name="test" finished-at="2022-10-10T18:23:23 IST" duration-ms="2049" status="PASS">
          <reporter-output>
          </reporter-output>
        </test-method> <!-- test -->
        <test-method is-config="true" signature="tearDown()[pri:0, instance:com.browserstack.LocalTest@7a560583]" started-at="2022-10-10T18:23:23 IST" name="tearDown" finished-at="2022-10-10T18:23:26 IST" duration-ms="2674" status="PASS">
          <reporter-output>
          </reporter-output>
        </test-method> <!-- tearDown -->
      </class> <!-- com.browserstack.LocalTest -->
    </test> <!-- LocalTest-2 -->
    <test started-at="2022-10-10T18:23:09 IST" name="LocalTest-0" finished-at="2022-10-10T18:23:28 IST" duration-ms="19092">
      <class name="com.browserstack.LocalTest">
        <test-method is-config="true" signature="setUp()[pri:0, instance:com.browserstack.LocalTest@3bcbb589]" started-at="2022-10-10T18:23:09 IST" name="setUp" finished-at="2022-10-10T18:23:24 IST" duration-ms="14974" status="PASS">
          <reporter-output>
          </reporter-output>
        </test-method> <!-- setUp -->
        <test-method signature="test()[pri:0, instance:com.browserstack.LocalTest@3bcbb589]" started-at="2022-10-10T18:23:24 IST" name="test" finished-at="2022-10-10T18:23:25 IST" duration-ms="892" status="PASS">
          <reporter-output>
          </reporter-output>
        </test-method> <!-- test -->
        <test-method is-config="true" signature="tearDown()[pri:0, instance:com.browserstack.LocalTest@3bcbb589]" started-at="2022-10-10T18:23:25 IST" name="tearDown" finished-at="2022-10-10T18:23:28 IST" duration-ms="2965" status="PASS">
          <reporter-output>
          </reporter-output>
        </test-method> <!-- tearDown -->
      </class> <!-- com.browserstack.LocalTest -->
    </test> <!-- LocalTest-0 -->
  </suite> <!-- Local -->
</testng-results>
